  [1m[35m (81.0ms)[0m  [1m[35mCREATE TABLE "schema_migrations" ("version" varchar NOT NULL PRIMARY KEY)[0m
  [1m[35m (0.4ms)[0m  [1m[35mCREATE TABLE "ar_internal_metadata" ("key" varchar NOT NULL PRIMARY KEY, "value" varchar, "created_at" datetime(6) NOT NULL, "updated_at" datetime(6) NOT NULL)[0m
  [1m[36mActiveRecord::InternalMetadata Load (0.3ms)[0m  [1m[34mSELECT * FROM "ar_internal_metadata" WHERE "ar_internal_metadata"."key" = ? ORDER BY "ar_internal_metadata"."key" ASC LIMIT 1[0m  [[nil, "environment"]]
  [1m[36mActiveRecord::InternalMetadata Create (0.3ms)[0m  [1m[32mINSERT INTO "ar_internal_metadata" ("key", "value", "created_at", "updated_at") VALUES ('environment', 'development', '2024-08-18 06:34:58.400973', '2024-08-18 06:34:58.400979') RETURNING "key"[0m
  [1m[36mActiveRecord::SchemaMigration Load (19.2ms)[0m  [1m[34mSELECT "schema_migrations"."version" FROM "schema_migrations" ORDER BY "schema_migrations"."version" ASC[0m
Migrating to CreateTasks (20240818063437)
  [1m[36mTRANSACTION (0.1ms)[0m  [1m[36mbegin transaction[0m
  [1m[35m (5.0ms)[0m  [1m[35mCREATE TABLE "tasks" ("id" integer PRIMARY KEY AUTOINCREMENT NOT NULL, "name" varchar, "status" varchar, "created_at" datetime(6) NOT NULL, "updated_at" datetime(6) NOT NULL)[0m
  [1m[36mActiveRecord::SchemaMigration Create (0.2ms)[0m  [1m[32mINSERT INTO "schema_migrations" ("version") VALUES ('20240818063437') RETURNING "version"[0m
  [1m[36mTRANSACTION (0.1ms)[0m  [1m[36mcommit transaction[0m
  [1m[36mActiveRecord::SchemaMigration Load (0.1ms)[0m  [1m[34mSELECT "schema_migrations"."version" FROM "schema_migrations" ORDER BY "schema_migrations"."version" ASC[0m
  [1m[36mTRANSACTION (0.1ms)[0m  [1m[36mbegin transaction[0m
  [1m[36mTask Create (1.7ms)[0m  [1m[32mINSERT INTO "tasks" ("name", "status", "created_at", "updated_at") VALUES (?, ?, ?, ?) RETURNING "id"[0m  [["name", "Learn validation"], ["status", "completed"], ["created_at", "2024-08-18 06:47:31.760445"], ["updated_at", "2024-08-18 06:47:31.760445"]]
  [1m[36mTRANSACTION (1138.5ms)[0m  [1m[36mcommit transaction[0m
  [1m[36mTask Load (0.3ms)[0m  [1m[34mSELECT "tasks".* FROM "tasks" /* loading for pp */ LIMIT ?[0m  [["LIMIT", 11]]
  [1m[36mTRANSACTION (0.1ms)[0m  [1m[36mbegin transaction[0m
  [1m[36mTask Create (7.5ms)[0m  [1m[32mINSERT INTO "tasks" ("name", "status", "created_at", "updated_at") VALUES (?, ?, ?, ?) RETURNING "id"[0m  [["name", "Mvc"], ["status", "completed"], ["created_at", "2024-08-18 06:54:55.089831"], ["updated_at", "2024-08-18 06:54:55.089831"]]
  [1m[36mTRANSACTION (116.8ms)[0m  [1m[36mcommit transaction[0m
  [1m[36mTRANSACTION (0.1ms)[0m  [1m[36mbegin transaction[0m
  [1m[36mTask Create (0.9ms)[0m  [1m[32mINSERT INTO "tasks" ("name", "status", "created_at", "updated_at") VALUES (?, ?, ?, ?) RETURNING "id"[0m  [["name", "Mvc"], ["status", "inprogess"], ["created_at", "2024-08-18 06:55:42.238298"], ["updated_at", "2024-08-18 06:55:42.238298"]]
  [1m[36mTRANSACTION (0.3ms)[0m  [1m[36mcommit transaction[0m
  [1m[36mTRANSACTION (0.1ms)[0m  [1m[36mbegin transaction[0m
  [1m[36mTask Create (1.2ms)[0m  [1m[32mINSERT INTO "tasks" ("name", "status", "created_at", "updated_at") VALUES (?, ?, ?, ?) RETURNING "id"[0m  [["name", "Mvc"], ["status", "inprogess"], ["created_at", "2024-08-18 06:56:54.474709"], ["updated_at", "2024-08-18 06:56:54.474709"]]
  [1m[36mTRANSACTION (87.4ms)[0m  [1m[36mcommit transaction[0m
  [1m[36mTRANSACTION (0.2ms)[0m  [1m[36mbegin transaction[0m
  [1m[36mTask Create (8.4ms)[0m  [1m[32mINSERT INTO "tasks" ("name", "status", "created_at", "updated_at") VALUES (?, ?, ?, ?) RETURNING "id"[0m  [["name", "Objrcts"], ["status", nil], ["created_at", "2024-08-18 07:13:18.169514"], ["updated_at", "2024-08-18 07:13:18.169514"]]
  [1m[36mTRANSACTION (94.4ms)[0m  [1m[36mcommit transaction[0m
  [1m[36mTask Load (0.4ms)[0m  [1m[34mSELECT "tasks".* FROM "tasks" WHERE "tasks"."id" = ? LIMIT ?[0m  [["id", 1], ["LIMIT", 1]]
  [1m[36mTRANSACTION (0.1ms)[0m  [1m[36mbegin transaction[0m
  [1m[36mTask Update (18.8ms)[0m  [1m[33mUPDATE "tasks" SET "updated_at" = ? WHERE "tasks"."id" = ?[0m  [["updated_at", "2024-08-18 07:14:41.895429"], ["id", 5]]
  [1m[36mTRANSACTION (0.3ms)[0m  [1m[36mcommit transaction[0m
